opengles2-2d-demos-master/app/build/outputs/logs/manifest-merger-debug-report.txt
-- Merging decision tree log ---
manifest
ADDED from AndroidManifest.xml:2:1
	xmlns:android
		ADDED from AndroidManifest.xml:2:11
	package
		ADDED from AndroidManifest.xml:3:11
		INJECTED from AndroidManifest.xml:0:0
		INJECTED from AndroidManifest.xml:0:0
	android:versionName
		ADDED from AndroidManifest.xml:5:11
	android:versionCode
		ADDED from AndroidManifest.xml:4:11
		INJECTED from AndroidManifest.xml:0:0
		INJECTED from AndroidManifest.xml:0:0
application
ADDED from AndroidManifest.xml:6:3
	android:label
		ADDED from AndroidManifest.xml:6:16
	android:icon
		ADDED from AndroidManifest.xml:6:49
activity#ibraim.opengles2.MainActivity
ADDED from AndroidManifest.xml:7:5
	android:label
		ADDED from AndroidManifest.xml:8:15
	android:name
		ADDED from AndroidManifest.xml:7:15
intent-filter#android.intent.action.MAIN+android.intent.category.LAUNCHER
ADDED from AndroidManifest.xml:9:7
action#android.intent.action.MAIN
ADDED from AndroidManifest.xml:10:9
	android:name
		ADDED from AndroidManifest.xml:10:17
category#android.intent.category.LAUNCHER
ADDED from AndroidManifest.xml:11:9
	android:name
		ADDED from AndroidManifest.xml:11:19
activity#ibraim.opengles2.EpilepsyActivity
ADDED from AndroidManifest.xml:15:7
	android:label
		ADDED from AndroidManifest.xml:15:17
	android:name
		ADDED from AndroidManifest.xml:15:42
meta-data#android.support.PARENT_ACTIVITY
ADDED from AndroidManifest.xml:16:9
	android:name
		ADDED from AndroidManifest.xml:16:20
	android:value
		ADDED from AndroidManifest.xml:17:20
activity#ibraim.opengles2.Triangle2dActivity
ADDED from AndroidManifest.xml:20:7
	android:label
		ADDED from AndroidManifest.xml:20:17
	android:name
		ADDED from AndroidManifest.xml:20:44
activity#ibraim.opengles2.TriangleColorActivity
ADDED from AndroidManifest.xml:25:7
	android:label
		ADDED from AndroidManifest.xml:25:17
	android:name
		ADDED from AndroidManifest.xml:25:47
activity#ibraim.opengles2.TextureActivity
ADDED from AndroidManifest.xml:30:7
	android:label
		ADDED from AndroidManifest.xml:30:17
	android:name
		ADDED from AndroidManifest.xml:30:41
uses-sdk
INJECTED from AndroidManifest.xml:0:0 reason: use-sdk injection requested
	android:targetSdkVersion
		INJECTED from AndroidManifest.xml:0:0
		INJECTED from AndroidManifest.xml:0:0
	android:minSdkVersion
		INJECTED from AndroidManifest.xml:0:0
		INJECTED from AndroidManifest.xml:0:0